build/outputs/logs/manifest-merger-debug-report.txt
-- Merging decision tree log ---
manifest
ADDED from CrossWalk-Engine/Crosswalk-Engine/AndroidManifest.xml:2:1-127:12
	xmlns:tools
		ADDED from CrossWalk-Engine/Crosswalk-Engine/AndroidManifest.xml:3:11-57
	xmlns:android
		ADDED from CrossWalk-Engine/Crosswalk-Engine/AndroidManifest.xml:2:11-69
	package
		ADDED from CrossWalk-Engine/Crosswalk-Engine/AndroidManifest.xml:4:11-54
		INJECTED from CrossWalk-Engine/Crosswalk-Engine/AndroidManifest.xml
		INJECTED from CrossWalk-Engine/Crosswalk-Engine/AndroidManifest.xml
	android:versionName
		ADDED from CrossWalk-Engine/Crosswalk-Engine/AndroidManifest.xml:7:11-38
	android:versionCode
		ADDED from CrossWalk-Engine/Crosswalk-Engine/AndroidManifest.xml:6:11-36
		INJECTED from CrossWalk-Engine/Crosswalk-Engine/AndroidManifest.xml
		INJECTED from CrossWalk-Engine/Crosswalk-Engine/AndroidManifest.xml
	android:installLocation
		ADDED from CrossWalk-Engine/Crosswalk-Engine/AndroidManifest.xml:5:11-49
uses-sdk
ADDED from CrossWalk-Engine/Crosswalk-Engine/AndroidManifest.xml:9:5-11:49
	android:minSdkVersion
		ADDED from CrossWalk-Engine/Crosswalk-Engine/AndroidManifest.xml:10:9-35
	tools:overrideLibrary
		ADDED from CrossWalk-Engine/Crosswalk-Engine/AndroidManifest.xml:11:9-47
application
ADDED from CrossWalk-Engine/Crosswalk-Engine/AndroidManifest.xml:13:5-87:19
	android:label
		ADDED from CrossWalk-Engine/Crosswalk-Engine/AndroidManifest.xml:20:9-41
	android:debuggable
		ADDED from CrossWalk-Engine/Crosswalk-Engine/AndroidManifest.xml:18:9-34
	android:allowBackup
		ADDED from CrossWalk-Engine/Crosswalk-Engine/AndroidManifest.xml:15:9-36
	android:icon
		ADDED from CrossWalk-Engine/Crosswalk-Engine/AndroidManifest.xml:19:9-38
	android:hardwareAccelerated
		ADDED from CrossWalk-Engine/Crosswalk-Engine/AndroidManifest.xml:17:9-43
	android:allowClearUserData
		ADDED from CrossWalk-Engine/Crosswalk-Engine/AndroidManifest.xml:16:9-43
	android:name
		ADDED from CrossWalk-Engine/Crosswalk-Engine/AndroidManifest.xml:14:9-74
	android:vmSafeMode
		ADDED from CrossWalk-Engine/Crosswalk-Engine/AndroidManifest.xml:21:9-34
activity#org.zywx.wbpalmstar.engine.EBrowserActivity
ADDED from CrossWalk-Engine/Crosswalk-Engine/AndroidManifest.xml:22:9-31:20
	android:windowSoftInputMode
		ADDED from CrossWalk-Engine/Crosswalk-Engine/AndroidManifest.xml:30:13-67
	android:screenOrientation
		ADDED from CrossWalk-Engine/Crosswalk-Engine/AndroidManifest.xml:27:13-49
	android:configChanges
		ADDED from CrossWalk-Engine/Crosswalk-Engine/AndroidManifest.xml:25:13-63
	android:theme
		ADDED from CrossWalk-Engine/Crosswalk-Engine/AndroidManifest.xml:28:13-54
	android:exported
		ADDED from CrossWalk-Engine/Crosswalk-Engine/AndroidManifest.xml:29:13-36
	android:name
		ADDED from CrossWalk-Engine/Crosswalk-Engine/AndroidManifest.xml:23:13-71
	android:alwaysRetainTaskState
		ADDED from CrossWalk-Engine/Crosswalk-Engine/AndroidManifest.xml:24:13-49
	android:launchMode
		ADDED from CrossWalk-Engine/Crosswalk-Engine/AndroidManifest.xml:26:13-43
activity#org.zywx.wbpalmstar.engine.TempActivity
ADDED from CrossWalk-Engine/Crosswalk-Engine/AndroidManifest.xml:32:9-35:59
	android:screenOrientation
		ADDED from CrossWalk-Engine/Crosswalk-Engine/AndroidManifest.xml:34:13-49
	android:theme
		ADDED from CrossWalk-Engine/Crosswalk-Engine/AndroidManifest.xml:35:13-57
	android:name
		ADDED from CrossWalk-Engine/Crosswalk-Engine/AndroidManifest.xml:32:19-73
	android:launchMode
		ADDED from CrossWalk-Engine/Crosswalk-Engine/AndroidManifest.xml:33:13-42
activity#org.zywx.wbpalmstar.engine.LoadingActivity
ADDED from CrossWalk-Engine/Crosswalk-Engine/AndroidManifest.xml:36:9-47:20
	android:screenOrientation
		ADDED from CrossWalk-Engine/Crosswalk-Engine/AndroidManifest.xml:39:13-49
	android:configChanges
		ADDED from CrossWalk-Engine/Crosswalk-Engine/AndroidManifest.xml:37:13-63
	android:theme
		ADDED from CrossWalk-Engine/Crosswalk-Engine/AndroidManifest.xml:38:13-57
	android:name
		ADDED from CrossWalk-Engine/Crosswalk-Engine/AndroidManifest.xml:36:19-76
	android:launchMode
		ADDED from CrossWalk-Engine/Crosswalk-Engine/AndroidManifest.xml:40:13-42
intent-filter#android.intent.action.MAIN+android.intent.category.LAUNCHER
ADDED from CrossWalk-Engine/Crosswalk-Engine/AndroidManifest.xml:42:13-46:29
action#android.intent.action.MAIN
ADDED from CrossWalk-Engine/Crosswalk-Engine/AndroidManifest.xml:43:17-69
	android:name
		ADDED from CrossWalk-Engine/Crosswalk-Engine/AndroidManifest.xml:43:25-66
category#android.intent.category.LAUNCHER
ADDED from CrossWalk-Engine/Crosswalk-Engine/AndroidManifest.xml:45:17-77
	android:name
		ADDED from CrossWalk-Engine/Crosswalk-Engine/AndroidManifest.xml:45:27-74
activity#org.zywx.wbpalmstar.wbpalm.V8PalmActivity
ADDED from CrossWalk-Engine/Crosswalk-Engine/AndroidManifest.xml:48:9-53:74
	android:screenOrientation
		ADDED from CrossWalk-Engine/Crosswalk-Engine/AndroidManifest.xml:52:13-49
	android:configChanges
		ADDED from CrossWalk-Engine/Crosswalk-Engine/AndroidManifest.xml:50:13-48
	android:theme
		ADDED from CrossWalk-Engine/Crosswalk-Engine/AndroidManifest.xml:53:13-71
	android:process
		ADDED from CrossWalk-Engine/Crosswalk-Engine/AndroidManifest.xml:51:13-36
	android:name
		ADDED from CrossWalk-Engine/Crosswalk-Engine/AndroidManifest.xml:49:13-69
service#org.zywx.wbpalmstar.platform.memoryControl.KeepForeService
ADDED from CrossWalk-Engine/Crosswalk-Engine/AndroidManifest.xml:55:9-63:19
	android:process
		ADDED from CrossWalk-Engine/Crosswalk-Engine/AndroidManifest.xml:59:13-48
	android:exported
		ADDED from CrossWalk-Engine/Crosswalk-Engine/AndroidManifest.xml:58:13-37
	android:enabled
		ADDED from CrossWalk-Engine/Crosswalk-Engine/AndroidManifest.xml:57:13-35
	android:name
		ADDED from CrossWalk-Engine/Crosswalk-Engine/AndroidManifest.xml:56:13-86
intent-filter#appcan.intent.action.largeHeap
ADDED from CrossWalk-Engine/Crosswalk-Engine/AndroidManifest.xml:60:13-62:29
action#appcan.intent.action.largeHeap
ADDED from CrossWalk-Engine/Crosswalk-Engine/AndroidManifest.xml:61:17-73
	android:name
		ADDED from CrossWalk-Engine/Crosswalk-Engine/AndroidManifest.xml:61:25-70
service#org.zywx.wbpalmstar.platform.push.PushService
ADDED from CrossWalk-Engine/Crosswalk-Engine/AndroidManifest.xml:66:9-69:38
	android:process
		ADDED from CrossWalk-Engine/Crosswalk-Engine/AndroidManifest.xml:68:12-35
	android:enabled
		ADDED from CrossWalk-Engine/Crosswalk-Engine/AndroidManifest.xml:69:13-35
	android:name
		ADDED from CrossWalk-Engine/Crosswalk-Engine/AndroidManifest.xml:67:13-73
receiver#org.zywx.wbpalmstar.platform.push.PushBroadCastReceiver
ADDED from CrossWalk-Engine/Crosswalk-Engine/AndroidManifest.xml:71:9-76:20
	android:process
		ADDED from CrossWalk-Engine/Crosswalk-Engine/AndroidManifest.xml:72:84-107
	android:name
		ADDED from CrossWalk-Engine/Crosswalk-Engine/AndroidManifest.xml:72:13-83
intent-filter#android.intent.action.BOOT_COMPLETED
ADDED from CrossWalk-Engine/Crosswalk-Engine/AndroidManifest.xml:73:13-75:29
action#android.intent.action.BOOT_COMPLETED
ADDED from CrossWalk-Engine/Crosswalk-Engine/AndroidManifest.xml:74:17-79
	android:name
		ADDED from CrossWalk-Engine/Crosswalk-Engine/AndroidManifest.xml:74:25-76
receiver#org.zywx.wbpalmstar.platform.push.PushRecieveMsgReceiver
ADDED from CrossWalk-Engine/Crosswalk-Engine/AndroidManifest.xml:78:9-83:20
	android:name
		ADDED from CrossWalk-Engine/Crosswalk-Engine/AndroidManifest.xml:79:13-84
intent-filter#org.zywx.push.receive
ADDED from CrossWalk-Engine/Crosswalk-Engine/AndroidManifest.xml:80:13-82:29
action#org.zywx.push.receive
ADDED from CrossWalk-Engine/Crosswalk-Engine/AndroidManifest.xml:81:17-64
	android:name
		ADDED from CrossWalk-Engine/Crosswalk-Engine/AndroidManifest.xml:81:25-61
provider#org.zywx.wbpalmstar.base.ACEContentProvider
ADDED from CrossWalk-Engine/Crosswalk-Engine/AndroidManifest.xml:85:9-86:96
	android:exported
		ADDED from CrossWalk-Engine/Crosswalk-Engine/AndroidManifest.xml:86:70-94
	android:authorities
		ADDED from CrossWalk-Engine/Crosswalk-Engine/AndroidManifest.xml:86:11-69
	android:name
		ADDED from CrossWalk-Engine/Crosswalk-Engine/AndroidManifest.xml:85:19-77
uses-permission#android.permission.INTERNET
ADDED from CrossWalk-Engine/Crosswalk-Engine/AndroidManifest.xml:89:5-67
	android:name
		ADDED from CrossWalk-Engine/Crosswalk-Engine/AndroidManifest.xml:89:22-64
uses-permission#android.permission.ACCESS_COARSE_LOCATION
ADDED from CrossWalk-Engine/Crosswalk-Engine/AndroidManifest.xml:90:5-81
	android:name
		ADDED from CrossWalk-Engine/Crosswalk-Engine/AndroidManifest.xml:90:22-78
uses-permission#android.permission.ACCESS_FINE_LOCATION
ADDED from CrossWalk-Engine/Crosswalk-Engine/AndroidManifest.xml:91:5-79
	android:name
		ADDED from CrossWalk-Engine/Crosswalk-Engine/AndroidManifest.xml:91:22-76
uses-permission#android.permission.ACCESS_FIND_LOCATION
ADDED from CrossWalk-Engine/Crosswalk-Engine/AndroidManifest.xml:92:5-79
	android:name
		ADDED from CrossWalk-Engine/Crosswalk-Engine/AndroidManifest.xml:92:22-76
uses-permission#android.permission.ACCESS_MOCK_LOCATION
ADDED from CrossWalk-Engine/Crosswalk-Engine/AndroidManifest.xml:93:5-79
	android:name
		ADDED from CrossWalk-Engine/Crosswalk-Engine/AndroidManifest.xml:93:22-76
uses-permission#android.permission.ACCESS_NETWORK_STATE
ADDED from CrossWalk-Engine/Crosswalk-Engine/AndroidManifest.xml:94:5-79
	android:name
		ADDED from CrossWalk-Engine/Crosswalk-Engine/AndroidManifest.xml:94:22-76
uses-permission#android.permission.ACCESS_WIFI_STATE
ADDED from CrossWalk-Engine/Crosswalk-Engine/AndroidManifest.xml:95:5-76
	android:name
		ADDED from CrossWalk-Engine/Crosswalk-Engine/AndroidManifest.xml:95:22-73
uses-permission#android.permission.CHANGE_WIFI_STATE
ADDED from CrossWalk-Engine/Crosswalk-Engine/AndroidManifest.xml:96:5-76
	android:name
		ADDED from CrossWalk-Engine/Crosswalk-Engine/AndroidManifest.xml:96:22-73
uses-permission#android.permission.WAKE_LOCK
ADDED from CrossWalk-Engine/Crosswalk-Engine/AndroidManifest.xml:97:5-68
	android:name
		ADDED from CrossWalk-Engine/Crosswalk-Engine/AndroidManifest.xml:97:22-65
uses-permission#android.permission.VIBRATE
ADDED from CrossWalk-Engine/Crosswalk-Engine/AndroidManifest.xml:98:5-66
	android:name
		ADDED from CrossWalk-Engine/Crosswalk-Engine/AndroidManifest.xml:98:22-63
uses-permission#android.permission.CAMERA
ADDED from CrossWalk-Engine/Crosswalk-Engine/AndroidManifest.xml:99:5-65
	android:name
		ADDED from CrossWalk-Engine/Crosswalk-Engine/AndroidManifest.xml:99:22-62
uses-permission#android.permission.CALL_PHONE
ADDED from CrossWalk-Engine/Crosswalk-Engine/AndroidManifest.xml:100:5-69
	android:name
		ADDED from CrossWalk-Engine/Crosswalk-Engine/AndroidManifest.xml:100:22-66
uses-permission#android.permission.SEND_SMS
ADDED from CrossWalk-Engine/Crosswalk-Engine/AndroidManifest.xml:101:5-67
	android:name
		ADDED from CrossWalk-Engine/Crosswalk-Engine/AndroidManifest.xml:101:22-64
uses-permission#android.permission.WRITE_EXTERNAL_STORAGE
ADDED from CrossWalk-Engine/Crosswalk-Engine/AndroidManifest.xml:102:5-81
	android:name
		ADDED from CrossWalk-Engine/Crosswalk-Engine/AndroidManifest.xml:102:22-78
uses-permission#android.permission.READ_PHONE_STATE
ADDED from CrossWalk-Engine/Crosswalk-Engine/AndroidManifest.xml:103:5-75
	android:name
		ADDED from CrossWalk-Engine/Crosswalk-Engine/AndroidManifest.xml:103:22-72
uses-permission#android.permission.READ_CONTACTS
ADDED from CrossWalk-Engine/Crosswalk-Engine/AndroidManifest.xml:104:5-72
	android:name
		ADDED from CrossWalk-Engine/Crosswalk-Engine/AndroidManifest.xml:104:22-69
uses-permission#android.permission.WRITE_CONTACTS
ADDED from CrossWalk-Engine/Crosswalk-Engine/AndroidManifest.xml:105:5-73
	android:name
		ADDED from CrossWalk-Engine/Crosswalk-Engine/AndroidManifest.xml:105:22-70
uses-permission#android.permission.RECORD_AUDIO
ADDED from CrossWalk-Engine/Crosswalk-Engine/AndroidManifest.xml:106:5-71
	android:name
		ADDED from CrossWalk-Engine/Crosswalk-Engine/AndroidManifest.xml:106:22-68
uses-permission#android.permission.FLASHLIGHT
ADDED from CrossWalk-Engine/Crosswalk-Engine/AndroidManifest.xml:107:5-69
	android:name
		ADDED from CrossWalk-Engine/Crosswalk-Engine/AndroidManifest.xml:107:22-66
uses-permission#android.permission.READ_LOGS
ADDED from CrossWalk-Engine/Crosswalk-Engine/AndroidManifest.xml:108:5-68
	android:name
		ADDED from CrossWalk-Engine/Crosswalk-Engine/AndroidManifest.xml:108:22-65
uses-permission#android.permission.RECEIVE_BOOT_COMPLETED
ADDED from CrossWalk-Engine/Crosswalk-Engine/AndroidManifest.xml:109:5-81
	android:name
		ADDED from CrossWalk-Engine/Crosswalk-Engine/AndroidManifest.xml:109:22-78
uses-permission#android.permission.BLUETOOTH_ADMIN
ADDED from CrossWalk-Engine/Crosswalk-Engine/AndroidManifest.xml:110:5-74
	android:name
		ADDED from CrossWalk-Engine/Crosswalk-Engine/AndroidManifest.xml:110:22-71
uses-permission#android.permission.BLUETOOTH
ADDED from CrossWalk-Engine/Crosswalk-Engine/AndroidManifest.xml:111:5-68
	android:name
		ADDED from CrossWalk-Engine/Crosswalk-Engine/AndroidManifest.xml:111:22-65
uses-feature#android.hardware.camera
ADDED from CrossWalk-Engine/Crosswalk-Engine/AndroidManifest.xml:114:5-60
	android:name
		ADDED from CrossWalk-Engine/Crosswalk-Engine/AndroidManifest.xml:114:19-57
uses-feature#android.hardware.camera.autofocus
ADDED from CrossWalk-Engine/Crosswalk-Engine/AndroidManifest.xml:115:5-117:36
	android:required
		ADDED from CrossWalk-Engine/Crosswalk-Engine/AndroidManifest.xml:117:9-33
	android:name
		ADDED from CrossWalk-Engine/Crosswalk-Engine/AndroidManifest.xml:116:9-57
supports-screens
ADDED from CrossWalk-Engine/Crosswalk-Engine/AndroidManifest.xml:119:5-125:40
	android:resizeable
		ADDED from CrossWalk-Engine/Crosswalk-Engine/AndroidManifest.xml:123:9-34
	android:largeScreens
		ADDED from CrossWalk-Engine/Crosswalk-Engine/AndroidManifest.xml:121:9-36
	android:anyDensity
		ADDED from CrossWalk-Engine/Crosswalk-Engine/AndroidManifest.xml:120:9-34
	android:normalScreens
		ADDED from CrossWalk-Engine/Crosswalk-Engine/AndroidManifest.xml:122:9-37
	android:xlargeScreens
		ADDED from CrossWalk-Engine/Crosswalk-Engine/AndroidManifest.xml:125:9-37
	android:smallScreens
		ADDED from CrossWalk-Engine/Crosswalk-Engine/AndroidManifest.xml:124:9-36